<?xml version="1.0" encoding="UTF-8"?>
<testsuites name="jest tests" tests="3" failures="0" errors="0" time="1.048">
  <testsuite name="undefined" errors="0" failures="0" skipped="0" timestamp="2025-07-14T13:12:32" time="0.779" tests="3">
    <testcase classname=" adds 1 + 2 to equal 3" name=" adds 1 + 2 to equal 3" time="0.004">
    </testcase>
    <testcase classname=" subtracts 5 - 2 to equal 3" name=" subtracts 5 - 2 to equal 3" time="0.001">
    </testcase>
    <testcase classname=" multiplies 2 * 2 to equal 4" name=" multiplies 2 * 2 to equal 4" time="0">
    </testcase>
  </testsuite>
</testsuites>